[    0.000000] Initializing cgroup subsys cpuset
[    0.000000] Initializing cgroup subsys cpu
[    0.000000] Initializing cgroup subsys cpuacct
[    0.000000] Linux version 4.4.0-210-generic (buildd@lgw01-amd64-009) (gcc version 5.4.0 20160609 (Ubuntu 5.4.0-6ubuntu1~16.04.12) ) #242-Ubuntu SMP Fri Apr 16 09:57:56 UTC 2021 (Ubuntu 4.4.0-210.242-generic 4.4.262)
[    0.000000] Command line: BOOT_IMAGE=/boot/vmlinuz-4.4.0-210-generic root=LABEL=cloudimg-rootfs ro console=tty1 console=ttyS0
[    0.000000] KERNEL supported cpus:
[    0.000000]   Intel GenuineIntel
[    0.000000]   AMD AuthenticAMD
[    0.000000]   Centaur CentaurHauls
[    0.000000] [Firmware Bug]: TSC doesn't count with P0 frequency!
[    0.000000] x86/fpu: xstate_offset[2]:  576, xstate_sizes[2]:  256
[    0.000000] x86/fpu: Supporting XSAVE feature 0x01: 'x87 floating point registers'
[    0.000000] x86/fpu: Supporting XSAVE feature 0x02: 'SSE registers'
[    0.000000] x86/fpu: Supporting XSAVE feature 0x04: 'AVX registers'
[    0.000000] x86/fpu: Enabled xstate features 0x7, context size is 832 bytes, using 'standard' format.
[    0.000000] e820: BIOS-provided physical RAM map:
[    0.000000] BIOS-e820: [mem 0x0000000000000000-0x000000000009fbff] usable
[    0.000000] BIOS-e820: [mem 0x000000000009fc00-0x000000000009ffff] reserved
[    0.000000] BIOS-e820: [mem 0x00000000000f0000-0x00000000000fffff] reserved
[    0.000000] BIOS-e820: [mem 0x0000000000100000-0x000000005ffeffff] usable
[    0.000000] BIOS-e820: [mem 0x000000005fff0000-0x000000005fffffff] ACPI data
[    0.000000] BIOS-e820: [mem 0x00000000fec00000-0x00000000fec00fff] reserved
[    0.000000] BIOS-e820: [mem 0x00000000fee00000-0x00000000fee00fff] reserved
[    0.000000] BIOS-e820: [mem 0x00000000fffc0000-0x00000000ffffffff] reserved
[    0.000000] NX (Execute Disable) protection: active
[    0.000000] SMBIOS 2.5 present.
[    0.000000] Hypervisor detected: KVM
[    0.000000] Kernel/User page tables isolation: disabled
[    0.000000] e820: last_pfn = 0x5fff0 max_arch_pfn = 0x400000000
[    0.000000] MTRR: Disabled
[    0.000000] x86/PAT: MTRRs disabled, skipping PAT initialization too.
[    0.000000] CPU MTRRs all blank - virtualized system.
[    0.000000] x86/PAT: Configuration [0-7]: WB  WT  UC- UC  WB  WT  UC- UC  
[    0.000000] found SMP MP-table at [mem 0x0009fff0-0x0009ffff] mapped at [ffff88000009fff0]
[    0.000000] Scanning 1 areas for low memory corruption
[    0.000000] RAMDISK: [mem 0x3613c000-0x37095fff]
[    0.000000] ACPI: Early table checksum verification disabled
[    0.000000] ACPI: RSDP 0x00000000000E0000 000024 (v02 VBOX  )
[    0.000000] ACPI: XSDT 0x000000005FFF0030 00003C (v01 VBOX   VBOXXSDT 00000001 ASL  00000061)
[    0.000000] ACPI: FACP 0x000000005FFF00F0 0000F4 (v04 VBOX   VBOXFACP 00000001 ASL  00000061)
[    0.000000] ACPI: DSDT 0x000000005FFF0470 002325 (v02 VBOX   VBOXBIOS 00000002 INTL 20100528)
[    0.000000] ACPI: FACS 0x000000005FFF0200 000040
[    0.000000] ACPI: FACS 0x000000005FFF0200 000040
[    0.000000] ACPI: APIC 0x000000005FFF0240 00005C (v02 VBOX   VBOXAPIC 00000001 ASL  00000061)
[    0.000000] ACPI: SSDT 0x000000005FFF02A0 0001CC (v01 VBOX   VBOXCPUT 00000002 INTL 20100528)
[    0.000000] No NUMA configuration found
[    0.000000] Faking a node at [mem 0x0000000000000000-0x000000005ffeffff]
[    0.000000] NODE_DATA(0) allocated [mem 0x5ffeb000-0x5ffeffff]
[    0.000000] kvm-clock: Using msrs 4b564d01 and 4b564d00
[    0.000000] kvm-clock: cpu 0, msr 0:5ffe3001, primary cpu clock
[    0.000000] kvm-clock: using sched offset of 3236292999 cycles
[    0.000000] clocksource: kvm-clock: mask: 0xffffffffffffffff max_cycles: 0x1cd42e4dffb, max_idle_ns: 881590591483 ns
[    0.000000] Zone ranges:
[    0.000000]   DMA      [mem 0x0000000000001000-0x0000000000ffffff]
[    0.000000]   DMA32    [mem 0x0000000001000000-0x000000005ffeffff]
[    0.000000]   Normal   empty
[    0.000000]   Device   empty
[    0.000000] Movable zone start for each node
[    0.000000] Early memory node ranges
[    0.000000]   node   0: [mem 0x0000000000001000-0x000000000009efff]
[    0.000000]   node   0: [mem 0x0000000000100000-0x000000005ffeffff]
[    0.000000] Initmem setup node 0 [mem 0x0000000000001000-0x000000005ffeffff]
[    0.000000] ACPI: PM-Timer IO Port: 0x4008
[    0.000000] IOAPIC[0]: apic_id 2, version 32, address 0xfec00000, GSI 0-23
[    0.000000] ACPI: INT_SRC_OVR (bus 0 bus_irq 0 global_irq 2 dfl dfl)
[    0.000000] ACPI: INT_SRC_OVR (bus 0 bus_irq 9 global_irq 9 low level)
[    0.000000] Using ACPI (MADT) for SMP configuration information
[    0.000000] smpboot: Allowing 2 CPUs, 0 hotplug CPUs
[    0.000000] PM: Registered nosave memory: [mem 0x00000000-0x00000fff]
[    0.000000] PM: Registered nosave memory: [mem 0x0009f000-0x0009ffff]
[    0.000000] PM: Registered nosave memory: [mem 0x000a0000-0x000effff]
[    0.000000] PM: Registered nosave memory: [mem 0x000f0000-0x000fffff]
[    0.000000] e820: [mem 0x60000000-0xfebfffff] available for PCI devices
[    0.000000] Booting paravirtualized kernel on KVM
[    0.000000] clocksource: refined-jiffies: mask: 0xffffffff max_cycles: 0xffffffff, max_idle_ns: 7645519600211568 ns
[    0.000000] setup_percpu: NR_CPUS:512 nr_cpumask_bits:512 nr_cpu_ids:2 nr_node_ids:1
[    0.000000] PERCPU: Embedded 33 pages/cpu @ffff88005fc00000 s95192 r8192 d31784 u1048576
[    0.000000] Built 1 zonelists in Node order, mobility grouping on.  Total pages: 386936
[    0.000000] Policy zone: DMA32
[    0.000000] Kernel command line: BOOT_IMAGE=/boot/vmlinuz-4.4.0-210-generic root=LABEL=cloudimg-rootfs ro console=tty1 console=ttyS0
[    0.000000] PID hash table entries: 4096 (order: 3, 32768 bytes)
[    0.000000] Memory: 1513056K/1572408K available (8644K kernel code, 1332K rwdata, 4044K rodata, 1492K init, 1164K bss, 59352K reserved, 0K cma-reserved)
[    0.000000] SLUB: HWalign=64, Order=0-3, MinObjects=0, CPUs=2, Nodes=1
[    0.000000] Hierarchical RCU implementation.
[    0.000000] 	Build-time adjustment of leaf fanout to 64.
[    0.000000] 	RCU restricting CPUs from NR_CPUS=512 to nr_cpu_ids=2.
[    0.000000] RCU: Adjusting geometry for rcu_fanout_leaf=64, nr_cpu_ids=2
[    0.000000] NR_IRQS:33024 nr_irqs:440 16
[    0.000000] Console: colour VGA+ 80x25
[    0.000000] console [tty1] enabled
[    0.000000] console [ttyS0] enabled
[    0.000000] tsc: Detected 3792.878 MHz processor
[    0.118104] Calibrating delay loop (skipped) preset value.. 7585.75 BogoMIPS (lpj=15171512)
[    0.119582] pid_max: default: 32768 minimum: 301
[    0.120276] ACPI: Core revision 20150930
[    0.121642] ACPI: 2 ACPI AML tables successfully acquired and loaded
[    0.122743] Security Framework initialized
[    0.123401] Yama: becoming mindful.
[    0.123994] AppArmor: AppArmor initialized
[    0.125545] Dentry cache hash table entries: 262144 (order: 9, 2097152 bytes)
[    0.126957] Inode-cache hash table entries: 131072 (order: 8, 1048576 bytes)
[    0.128123] Mount-cache hash table entries: 4096 (order: 3, 32768 bytes)
[    0.129129] Mountpoint-cache hash table entries: 4096 (order: 3, 32768 bytes)
[    0.131060] Initializing cgroup subsys io
[    0.131710] Initializing cgroup subsys memory
[    0.132371] Initializing cgroup subsys devices
[    0.133050] Initializing cgroup subsys freezer
[    0.133958] Initializing cgroup subsys net_cls
[    0.134712] Initializing cgroup subsys perf_event
[    0.135396] Initializing cgroup subsys net_prio
[    0.136054] Initializing cgroup subsys hugetlb
[    0.136762] Initializing cgroup subsys pids
[    0.144860] mce: CPU supports 0 MCE banks
[    0.145599] Last level iTLB entries: 4KB 1024, 2MB 1024, 4MB 512
[    0.146456] Last level dTLB entries: 4KB 2048, 2MB 2048, 4MB 1024, 1GB 0
[    0.147349] Spectre V1 : Mitigation: usercopy/swapgs barriers and __user pointer sanitization
[    0.148614] Spectre V2 : Spectre mitigation: LFENCE not serializing, switching to generic retpoline
[    0.149952] Spectre V2 : Mitigation: Full generic retpoline
[    0.150990] Spectre V2 : Spectre v2 / SpectreRSB mitigation: Filling RSB on context switch
[    0.154086] Freeing SMP alternatives memory: 36K
[    0.158964] ftrace: allocating 32380 entries in 127 pages
[    0.207343] smpboot: APIC(0) Converting physical 0 to logical package 0
[    0.208504] smpboot: Max logical packages: 1
[    0.209305] x2apic enabled
[    0.209980] Switched APIC routing to physical x2apic.
[    0.211554] ..TIMER: vector=0x30 apic1=0 pin1=2 apic2=-1 pin2=-1
[    0.320504] smpboot: CPU0: AMD Ryzen 5 3600X 6-Core Processor (family: 0x17, model: 0x71, stepping: 0x0)
[    0.322085] Performance Events: Broken PMU hardware detected, using software events only.
[    0.323532] Failed to access perfctr msr (MSR c0010007 is 0)
[    0.329527] KVM setup paravirtual spinlock
[    0.330777] x86: Booting SMP configuration:
[    0.331418] .... node  #0, CPUs:      #1
[    0.332132] kvm-clock: cpu 1, msr 0:5ffe3041, secondary cpu clock
[    0.340091] mce: CPU supports 0 MCE banks
[    0.342689] x86: Booted up 1 node, 2 CPUs
[    0.343538] smpboot: Total of 2 processors activated (15171.51 BogoMIPS)
[    0.344847] devtmpfs: initialized
[    0.346744] evm: security.selinux
[    0.347367] evm: security.SMACK64
[    0.347950] evm: security.SMACK64EXEC
[    0.348535] evm: security.SMACK64TRANSMUTE
[    0.349173] evm: security.SMACK64MMAP
[    0.349743] evm: security.ima
[    0.350363] evm: security.capability
[    0.351265] clocksource: jiffies: mask: 0xffffffff max_cycles: 0xffffffff, max_idle_ns: 7645041785100000 ns
[    0.352760] futex hash table entries: 512 (order: 3, 32768 bytes)
[    0.353777] pinctrl core: initialized pinctrl subsystem
[    0.354668] RTC time: 22:28:46, date: 10/30/22
[    0.355588] NET: Registered protocol family 16
[    0.369238] cpuidle: using governor ladder
[    0.378995] cpuidle: using governor menu
[    0.379716] PCCT header not found.
[    0.380547] ACPI: bus type PCI registered
[    0.381174] acpiphp: ACPI Hot Plug PCI Controller Driver version: 0.5
[    0.382126] PCI: Using configuration type 1 for base access
[    0.382952] PCI: Using configuration type 1 for extended access
[    0.393101] ACPI: Added _OSI(Module Device)
[    0.393842] ACPI: Added _OSI(Processor Device)
[    0.394504] ACPI: Added _OSI(3.0 _SCP Extensions)
[    0.395222] ACPI: Added _OSI(Processor Aggregator Device)
[    0.396357] ACPI: Executed 1 blocks of module-level executable AML code
[    0.398685] ACPI: Interpreter enabled
[    0.399323] ACPI: (supports S0 S5)
[    0.399855] ACPI: Using IOAPIC for interrupt routing
[    0.400851] PCI: Using host bridge windows from ACPI; if necessary, use "pci=nocrs" and report a bug
[    0.404228] ACPI: PCI Root Bridge [PCI0] (domain 0000 [bus 00-ff])
[    0.405119] acpi PNP0A03:00: _OSC: OS supports [ExtendedConfig ASPM ClockPM Segments MSI]
[    0.406744] acpi PNP0A03:00: _OSC: platform does not support [PCIeCapability]
[    0.408028] acpi PNP0A03:00: _OSC: not requesting control; platform does not support [PCIeCapability]
[    0.409359] acpi PNP0A03:00: _OSC: OS requested [PCIeHotplug PME AER PCIeCapability]
[    0.410537] acpi PNP0A03:00: _OSC: platform willing to grant [PCIeHotplug PME AER]
[    0.411730] acpi PNP0A03:00: _OSC failed (AE_SUPPORT); disabling ASPM
[    0.412877] PCI host bridge to bus 0000:00
[    0.413528] pci_bus 0000:00: root bus resource [io  0x0000-0x0cf7 window]
[    0.414463] pci_bus 0000:00: root bus resource [io  0x0d00-0xffff window]
[    0.415439] pci_bus 0000:00: root bus resource [mem 0x000a0000-0x000bffff window]
[    0.423533] pci_bus 0000:00: root bus resource [mem 0x60000000-0xfdffffff window]
[    0.424748] pci_bus 0000:00: root bus resource [bus 00-ff]
[    0.426912] pci 0000:00:01.1: legacy IDE quirk: reg 0x10: [io  0x01f0-0x01f7]
[    0.427910] pci 0000:00:01.1: legacy IDE quirk: reg 0x14: [io  0x03f6]
[    0.428802] pci 0000:00:01.1: legacy IDE quirk: reg 0x18: [io  0x0170-0x0177]
[    0.429768] pci 0000:00:01.1: legacy IDE quirk: reg 0x1c: [io  0x0376]
[    0.439729] pci 0000:00:07.0: quirk: [io  0x4000-0x403f] claimed by PIIX4 ACPI
[    0.440758] pci 0000:00:07.0: quirk: [io  0x4100-0x410f] claimed by PIIX4 SMB
[    0.445061] ACPI: PCI Interrupt Link [LNKA] (IRQs 5 9 10 *11)
[    0.446443] ACPI: PCI Interrupt Link [LNKB] (IRQs 5 9 *10 11)
[    0.447617] ACPI: PCI Interrupt Link [LNKC] (IRQs 5 *9 10 11)
[    0.448757] ACPI: PCI Interrupt Link [LNKD] (IRQs 5 9 10 *11)
[    0.449978] ACPI: Enabled 2 GPEs in block 00 to 07
[    0.451134] vgaarb: setting as boot device: PCI:0000:00:02.0
[    0.451937] vgaarb: device added: PCI:0000:00:02.0,decodes=io+mem,owns=io+mem,locks=none
[    0.453213] vgaarb: loaded
[    0.453732] vgaarb: bridge control possible 0000:00:02.0
[    0.454715] SCSI subsystem initialized
[    0.455448] ACPI: bus type USB registered
[    0.456109] usbcore: registered new interface driver usbfs
[    0.456910] usbcore: registered new interface driver hub
[    0.457673] usbcore: registered new device driver usb
[    0.458648] PCI: Using ACPI for IRQ routing
[    0.459495] NetLabel: Initializing
[    0.460084] NetLabel:  domain hash size = 128
[    0.460753] NetLabel:  protocols = UNLABELED CIPSOv4
[    0.461490] NetLabel:  unlabeled traffic allowed by default
[    0.462391] amd_nb: Cannot enumerate AMD northbridges
[    0.463202] clocksource: Switched to clocksource kvm-clock
[    0.469339] AppArmor: AppArmor Filesystem Enabled
[    0.470146] pnp: PnP ACPI init
[    0.471204] pnp: PnP ACPI: found 3 devices
[    0.479654] clocksource: acpi_pm: mask: 0xffffff max_cycles: 0xffffff, max_idle_ns: 2085701024 ns
[    0.480996] NET: Registered protocol family 2
[    0.481773] TCP established hash table entries: 16384 (order: 5, 131072 bytes)
[    0.483017] TCP bind hash table entries: 16384 (order: 6, 262144 bytes)
[    0.484364] TCP: Hash tables configured (established 16384 bind 16384)
[    0.485474] UDP hash table entries: 1024 (order: 3, 32768 bytes)
[    0.486514] UDP-Lite hash table entries: 1024 (order: 3, 32768 bytes)
[    0.487531] NET: Registered protocol family 1
[    0.488290] pci 0000:00:00.0: Limiting direct PCI/PCI transfers
[    0.489128] pci 0000:00:01.0: Activating ISA DMA hang workarounds
[    0.490134] Unpacking initramfs...
[    0.669423] Freeing initrd memory: 15720K
[    0.670225] clocksource: tsc: mask: 0xffffffffffffffff max_cycles: 0x6d581e7db98, max_idle_ns: 881590517229 ns
[    0.671734] platform rtc_cmos: registered platform RTC device (no PNP device found)
[    0.672904] Scanning for low memory corruption every 60 seconds
[    0.674104] audit: initializing netlink subsys (disabled)
[    0.674930] audit: type=2000 audit(1667168931.805:1): initialized
[    0.675972] Initialise system trusted keyring
[    0.676801] HugeTLB registered 2 MB page size, pre-allocated 0 pages
[    0.678398] zbud: loaded
[    0.679171] VFS: Disk quotas dquot_6.6.0
[    0.679874] VFS: Dquot-cache hash table entries: 512 (order 0, 4096 bytes)
[    0.680958] squashfs: version 4.0 (2009/01/31) Phillip Lougher
[    0.682036] fuse init (API version 7.23)
[    0.682871] Key type big_key registered
[    0.683744] Allocating IMA MOK and blacklist keyrings.
[    0.685596] Key type asymmetric registered
[    0.686338] Asymmetric key parser 'x509' registered
[    0.687063] Block layer SCSI generic (bsg) driver version 0.4 loaded (major 249)
[    0.688402] io scheduler noop registered
[    0.689027] io scheduler deadline registered (default)
[    0.689799] io scheduler cfq registered
[    0.690460] pci_hotplug: PCI Hot Plug PCI Core version: 0.5
[    0.691287] pciehp: PCI Express Hot Plug Controller Driver version: 0.4
[    0.692281] ACPI: AC Adapter [AC] (on-line)
[    0.692965] input: Power Button as /devices/LNXSYSTM:00/LNXPWRBN:00/input/input0
[    0.694051] ACPI: Power Button [PWRF]
[    0.694632] input: Sleep Button as /devices/LNXSYSTM:00/LNXSLPBN:00/input/input1
[    0.695720] ACPI: Sleep Button [SLPF]
[    0.696517] GHES: HEST is not enabled!
[    0.697284] Serial: 8250/16550 driver, 32 ports, IRQ sharing enabled
[    0.718433] 00:02: ttyS0 at I/O 0x3f8 (irq = 4, base_baud = 115200) is a 16550A
[    0.721403] Linux agpgart interface v0.103
[    0.723650] loop: module loaded
[    0.724584] scsi host0: ata_piix
[    0.725294] scsi host1: ata_piix
[    0.725860] ata1: PATA max UDMA/33 cmd 0x1f0 ctl 0x3f6 bmdma 0xd000 irq 14
[    0.726884] ata2: PATA max UDMA/33 cmd 0x170 ctl 0x376 bmdma 0xd008 irq 15
[    0.728027] libphy: Fixed MDIO Bus: probed
[    0.728661] tun: Universal TUN/TAP device driver, 1.6
[    0.729404] tun: (C) 1999-2004 Max Krasnyansky <maxk@qualcomm.com>
[    0.730357] PPP generic driver version 2.4.2
[    0.731120] ehci_hcd: USB 2.0 'Enhanced' Host Controller (EHCI) Driver
[    0.732137] ehci-pci: EHCI PCI platform driver
[    0.732879] ehci-platform: EHCI generic platform driver
[    0.733742] ohci_hcd: USB 1.1 'Open' Host Controller (OHCI) Driver
[    0.734662] ohci-pci: OHCI PCI platform driver
[    0.735373] ohci-platform: OHCI generic platform driver
[    0.736199] uhci_hcd: USB Universal Host Controller Interface driver
[    0.737208] i8042: PNP: PS/2 Controller [PNP0303:PS2K,PNP0f03:PS2M] at 0x60,0x64 irq 1,12
[    0.738858] serio: i8042 KBD port at 0x60,0x64 irq 1
[    0.739636] serio: i8042 AUX port at 0x60,0x64 irq 12
[    0.740557] mousedev: PS/2 mouse device common for all mice
[    0.741701] input: AT Translated Set 2 keyboard as /devices/platform/i8042/serio0/input/input2
[    0.743459] rtc_cmos rtc_cmos: rtc core: registered rtc_cmos as rtc0
[    0.744584] rtc_cmos rtc_cmos: alarms up to one day, 114 bytes nvram
[    0.745659] i2c /dev entries driver
[    0.746265] device-mapper: uevent: version 1.0.3
[    0.747104] device-mapper: ioctl: 4.34.0-ioctl (2015-10-28) initialised: dm-devel@redhat.com
[    0.748394] ledtrig-cpu: registered to indicate activity on CPUs
[    0.749652] NET: Registered protocol family 10
[    0.750596] NET: Registered protocol family 17
[    0.751320] Key type dns_resolver registered
[    0.752338] registered taskstats version 1
[    0.752998] Loading compiled-in X.509 certificates
[    0.754133] Loaded X.509 cert 'Build time autogenerated kernel key: cf00e047681d67edb2720680708b7d9498083038'
[    0.755618] zswap: loaded using pool lzo/zbud
[    0.757670] Key type trusted registered
[    0.760304] Key type encrypted registered
[    0.760976] AppArmor: AppArmor sha1 policy hashing enabled
[    0.761870] ima: No TPM chip found, activating TPM-bypass!
[    0.762818] ima: Allocated hash algorithm: sha1
[    0.763585] evm: HMAC attrs: 0x1
[    0.764379]   Magic number: 10:541:503
[    0.765025] rtc_cmos rtc_cmos: setting system clock to 2022-10-30 22:28:47 UTC (1667168927)
[    0.766528] BIOS EDD facility v0.16 2004-Jun-25, 0 devices found
[    0.767585] EDD information not available.
[    0.907164] Freeing unused kernel memory: 1492K
[    0.907968] Write protecting the kernel read-only data: 14336k
[    0.909216] Freeing unused kernel memory: 1584K
[    0.910062] Freeing unused kernel memory: 52K
Loading, please wait...
starting version 229
[    0.919704] random: systemd-udevd: uninitialized urandom read (16 bytes read, 3 bits of entropy available)
[    0.919951] random: udevadm: uninitialized urandom read (16 bytes read, 3 bits of entropy available)
[    0.919966] random: udevadm: uninitialized urandom read (16 bytes read, 3 bits of entropy available)
[    0.924516] random: systemd-udevd: uninitialized urandom read (16 bytes read, 3 bits of entropy available)
[    0.925184] random: udevadm: uninitialized urandom read (16 bytes read, 3 bits of entropy available)
[    0.925214] random: udevadm: uninitialized urandom read (16 bytes read, 3 bits of entropy available)
[    0.925294] random: udevadm: uninitialized urandom read (16 bytes read, 3 bits of entropy available)
[    0.925325] random: udevadm: uninitialized urandom read (16 bytes read, 3 bits of entropy available)
[    0.925357] random: udevadm: uninitialized urandom read (16 bytes read, 3 bits of entropy available)
[    0.925388] random: udevadm: uninitialized urandom read (16 bytes read, 3 bits of entropy available)
[    0.958625] e1000: Intel(R) PRO/1000 Network Driver - version 7.3.21-k8-NAPI
[    0.959822] e1000: Copyright (c) 1999-2006 Intel Corporation.
[    0.966321] [drm] Initialized drm 1.1.0 20060810
[    0.975320] vboxvideo: loading out-of-tree module taints kernel.
[    0.976458] vboxvideo: module verification failed: signature and/or required key missing - tainting kernel
[    0.978702] vboxvideo: loading version 6.1.38 r153438
[    0.982924] Fusion MPT base driver 3.04.20
[    0.984129] Copyright (c) 1999-2008 LSI Corporation
[    1.002204] AVX2 version of gcm_enc/dec engaged.
[    1.002968] AES CTR mode by8 optimization enabled
[    1.005119] Fusion MPT SPI Host driver 3.04.20
[    1.190903] input: ImExPS/2 Generic Explorer Mouse as /devices/platform/i8042/serio1/input/input4
[    1.318037] e1000 0000:00:03.0 eth0: (PCI:33MHz:32-bit) 02:be:82:6b:cc:1d
[    1.319155] e1000 0000:00:03.0 eth0: Intel(R) PRO/1000 Network Connection
[    1.320941] [drm] VRAM 01000000
[    1.321023] e1000 0000:00:03.0 enp0s3: renamed from eth0
[    1.322436] [TTM] Zone  kernel: Available graphics memory: 765970 kiB
[    1.323476] [TTM] Initializing pool allocator
[    1.330604] [TTM] Initializing DMA pool allocator
[    1.332662] fbcon: vboxdrmfb (fb0) is primary device
[    1.336896] Console: switching to colour frame buffer device 100x37
[    1.338947] vboxvideo 0000:00:02.0: fb0: vboxdrmfb frame buffer device
[    1.355686] [drm] Initialized vboxvideo 1.0.0 20130823 for 0000:00:02.0 on minor 0
[    1.357125] mptbase: ioc0: Initiating bringup
[    1.419649] ioc0: LSI53C1030 A0: Capabilities={Initiator}
[    1.581082] scsi host2: ioc0: LSI53C1030 A0, FwRev=00000000h, Ports=1, MaxQ=256, IRQ=20
[    1.705503] scsi 2:0:0:0: Direct-Access     VBOX     HARDDISK         1.0  PQ: 0 ANSI: 5
[    1.706582] scsi target2:0:0: Beginning Domain Validation
[    1.707730] scsi target2:0:0: Domain Validation skipping write tests
[    1.708439] scsi target2:0:0: Ending Domain Validation
[    1.708984] scsi target2:0:0: asynchronous
[    1.709675] scsi 2:0:1:0: Direct-Access     VBOX     HARDDISK         1.0  PQ: 0 ANSI: 5
[    1.710659] scsi target2:0:1: Beginning Domain Validation
[    1.712287] scsi target2:0:1: Domain Validation skipping write tests
[    1.713123] scsi target2:0:1: Ending Domain Validation
[    1.713948] scsi target2:0:1: asynchronous
[    1.719207] sd 2:0:0:0: Attached scsi generic sg0 type 0
[    1.719915] sd 2:0:0:0: [sda] 83886080 512-byte logical blocks: (42.9 GB/40.0 GiB)
[    1.720837] sd 2:0:1:0: Attached scsi generic sg1 type 0
[    1.721071] sd 2:0:0:0: [sda] Write Protect is off
[    1.721122] sd 2:0:0:0: [sda] Incomplete mode parameter data
[    1.721123] sd 2:0:0:0: [sda] Assuming drive cache: write through
[    1.724427] sd 2:0:1:0: [sdb] 20480 512-byte logical blocks: (10.5 MB/10.0 MiB)
[    1.725824] sd 2:0:1:0: [sdb] Write Protect is off
[    1.726803] sd 2:0:1:0: [sdb] Incomplete mode parameter data
[    1.727876] sd 2:0:1:0: [sdb] Assuming drive cache: write through
[    1.728870]  sda: sda1
[    1.729304] sd 2:0:0:0: [sda] Attached SCSI disk
[    1.732101] sd 2:0:1:0: [sdb] Attached SCSI disk
Begin: Loading essential drivers ... [    1.789886] md: linear personality registered for level -1
[    1.792163] md: multipath personality registered for level -4
[    1.794339] md: raid0 personality registered for level 0
[    1.797267] md: raid1 personality registered for level 1
[    1.867272] raid6: sse2x1   gen()  8351 MB/s
[    1.935663] raid6: sse2x1   xor()  8605 MB/s
[    2.004062] raid6: sse2x2   gen() 18572 MB/s
[    2.071483] raid6: sse2x2   xor() 10784 MB/s
[    2.139912] raid6: sse2x4   gen() 18714 MB/s
[    2.207308] raid6: sse2x4   xor() 10351 MB/s
[    2.275727] raid6: avx2x1   gen() 19761 MB/s
[    2.344107] raid6: avx2x2   gen() 36053 MB/s
[    2.411532] raid6: avx2x4   gen() 34346 MB/s
[    2.412278] raid6: using algorithm avx2x2 gen() 36053 MB/s
[    2.413130] raid6: using avx2x2 recovery algorithm
[    2.414619] xor: automatically using best checksumming function:
[    2.455509]    avx       : 16050.000 MB/sec
[    2.456954] async_tx: api initialized (async)
[    2.463339] md: raid6 personality registered for level 6
[    2.464265] md: raid5 personality registered for level 5
[    2.465118] md: raid4 personality registered for level 4
[    2.469908] md: raid10 personality registered for level 10
done.
Begin: Running /scripts/init-premount ... done.
Begin: Mounting root file system ... Begin: Running /scripts/local-top ... done.
Begin: Running /scripts/local-premount ... [    2.490169] Btrfs loaded
Scanning for Btrfs filesystems
done.
Begin: Will now check root file system ... fsck from util-linux 2.27.1
[/sbin/fsck.ext4 (1) -- /dev/sda1] fsck.ext4 -a -C0 /dev/sda1 
cloudimg-rootfs: recovering journal
cloudimg-rootfs: clean, 136295/5120000 files, 812115/10485499 blocks
done.
[    2.621319] EXT4-fs (sda1): mounted filesystem with ordered data mode. Opts: (null)
done.
Begin: Running /scripts/local-bottom ... done.
Begin: Running /scripts/init-bottom ... done.
[    2.693579] systemd[1]: systemd 229 running in system mode. (+PAM +AUDIT +SELINUX +IMA +APPARMOR +SMACK +SYSVINIT +UTMP +LIBCRYPTSETUP +GCRYPT +GNUTLS +ACL +XZ -LZ4 +SECCOMP +BLKID +ELFUTILS +KMOD -IDN)
[    2.696035] systemd[1]: Detected virtualization oracle.
[    2.696909] systemd[1]: Detected architecture x86-64.

Welcome to [1mUbuntu 16.04.7 LTS[0m!

[    2.699712] systemd[1]: Set hostname to <ubuntu-xenial>.
[    2.782943] systemd[1]: Listening on Journal Socket.
[[0;32m  OK  [0m] Listening on Journal Socket.
[    2.784575] systemd[1]: Listening on LVM2 poll daemon socket.
[[0;32m  OK  [0m] Listening on LVM2 poll daemon socket.
[    2.786096] systemd[1]: Listening on fsck to fsckd communication Socket.
[[0;32m  OK  [0m] Listening on fsck to fsckd communication Socket.
[    2.787871] systemd[1]: Reached target System Time Synchronized.
[[0;32m  OK  [0m] Reached target System Time Synchronized.
[    2.789490] systemd[1]: Reached target Swap.
[[0;32m  OK  [0m] Reached target Swap.
[    2.790785] systemd[1]: Reached target User and Group Name Lookups.
[[0;32m  OK  [0m] Reached target User and Group Name Lookups.
[    2.792544] systemd[1]: Listening on LVM2 metadata daemon socket.
[[0;32m  OK  [0m] Listening on LVM2 metadata daemon socket.
[    2.794164] systemd[1]: Listening on udev Control Socket.
[[0;32m  OK  [0m] Listening on udev Control Socket.
[    2.795701] systemd[1]: Listening on /dev/initctl Compatibility Named Pipe.
[[0;32m  OK  [0m] Listening on /dev/initctl Compatibility Named Pipe.
[    2.797412] systemd[1]: Reached target Encrypted Volumes.
[[0;32m  OK  [0m] Reached target Encrypted Volumes.
[    2.799063] systemd[1]: Created slice User and Session Slice.
[[0;32m  OK  [0m] Created slice User and Session Slice.
[    2.800654] systemd[1]: Listening on Device-mapper event daemon FIFOs.
[[0;32m  OK  [0m] Listening on Device-mapper event daemon FIFOs.
[    2.802324] systemd[1]: Listening on Journal Audit Socket.
[[0;32m  OK  [0m] Listening on Journal Audit Socket.
[    2.803937] systemd[1]: Listening on Syslog Socket.
[[0;32m  OK  [0m] Listening on Syslog Socket.
[    2.805303] systemd[1]: Listening on Journal Socket (/dev/log).
[[0;32m  OK  [0m] Listening on Journal Socket (/dev/log).
[    2.806872] systemd[1]: Listening on udev Kernel Socket.
[[0;32m  OK  [0m] Listening on udev Kernel Socket.
[    2.808663] systemd[1]: Set up automount Arbitrary Executable File Formats File System Automount Point.
[[0;32m  OK  [0m] Set up automount Arbitrary Executab...ats File System Automount Point.
[    2.811336] systemd[1]: Created slice System Slice.
[[0;32m  OK  [0m] Created slice System Slice.
[    2.812802] systemd[1]: Reached target Slices.
[[0;32m  OK  [0m] Reached target Slices.
[    3.121908] systemd[1]: Starting Remount Root and Kernel File Systems...
         Starting Remount Root and Kernel File Systems...
[    3.131496] systemd[1]: Starting Load Kernel Modules...
         Starting Load Kernel Modules...
[    3.134195] systemd[1]: Starting Create list of required static device nodes for the current kernel...
         Starting Create list of required st... nodes for the current kernel...
[    3.137398] systemd[1]: Starting Uncomplicated firewall...
         Starting Uncomplicated firewall...
[    3.140054] systemd[1]: Starting Set console keymap...
         Starting Set console keymap...
[    3.142238] systemd[1]: Mounting Debug File System...
[    3.143286] Loading iSCSI transport class v2.0-870.
         Mounting Debug F[    3.143874] EXT4-fs (sda1): re-mounted. Opts: (null)
ile System...
[    3.148330] systemd[1]: Mounting POSIX Message Queue File System...
         Mounting POSIX Message Queue File System...
[    3.150852] systemd[1]: Starting Journal Service...
         Starting Journal Service...
[    3.152845] systemd[1]: Starting Nameserver information manager...
         Starting Nameserver information manager...
[    3.154919] systemd[1]: Created slice system-serial\x2dgetty.slice.
[[0;32m  OK  [0m] Created slice system-serial\x2dgetty.slice.
[    3.157050] systemd[1]: Mounting Huge Pages File System...
         Mounting Huge Pages File System...
[    3.159370] systemd[1]: Started Forward Password Requests to Wall Directory Watch.
[[0;32m  OK  [0m] Started Forward Password Requests to Wall Directory Watch.
[    3.161462] systemd[1]: Started Trigger resolvconf update for networkd DNS.
[[0;32m  OK  [0m] Started Trigger resolvconf update for networkd DNS.
[    3.164540] systemd[1]: Starting Monitoring of LVM2 mirrors, snapshots etc. using dmeventd or progress polling...
         Starting Monitoring of LVM2 mirrors... dmeventd or progress polling...
[    3.168327] systemd[1]: Mounted Huge Pages File System.
[[0;32m  OK  [0m] Mounted Huge Pages File System.
[    3.169891] systemd[1]: Mounted POSIX Message Queue File System.
[[0;32m  OK  [0m] Mounted POSIX Message Queue File System.
[    3.171636] systemd[1]: Mounted Debug File System.
[[0;32m  OK  [0m] Mounted Debug File System.[    3.172909] random: nonblocking pool is initialized

[    3.173954] systemd[1]: Started Journal Service.
[[0;32m  OK  [0m] Started Journal Service.
[[0;32m  OK  [0m] Started Remount Root and Kernel File Systems.
[[0;32m  OK  [0m] Started Create list of required sta...ce nodes for the current kernel.
[[0;32m  OK  [0m] Started Uncomplicated firewall.
         Starting Create Static Device Nodes in /dev...
[    3.184060] iscsi: registered transport (tcp)
         Starting udev Coldplug all Devices...
         Starting Load/Save Random Seed...
         Starting Flush Journal to Persistent Storage...
[[0;32m  OK  [0m] Started Nameserver information manager.
[[0;32m  OK  [0m] Started Load/Save Random Seed.
[[0;32m  OK  [0m] Started LVM2 metadata daemon.
[    3.202063] systemd-journald[399]: Received request to flush runtime journal from PID 1
[[0;32m  OK  [0m] Started Flush Journal to Persistent Storage.
[[0;32m  OK  [0m] Started Set console keymap.
[[0;32m  OK  [0m] Started Create Static Device Nodes in /dev.
         Starting udev Kernel Device Manager...
[    3.235451] iscsi: registered transport (iser)
[[0;32m  OK  [0m] Started Load Kernel Modules.
         Starting Apply Kernel Variables...
         Mounting FUSE Control File System...
[[0;32m  OK  [0m] Started udev Kernel Device Manager.
[[0;32m  OK  [0m] Mounted FUSE Control File System.
[[0;32m  OK  [0m] Started udev Coldplug all Devices.
[[0;32m  OK  [0m] Started Dispatch Password Requests to Console Directory Watch.
[[0;32m  OK  [0m] Started Apply Kernel Variables.
[[0;32m  OK  [0m] Found device /dev/ttyS0.
[[0;32m  OK  [0m] Listening on Load/Save RF Kill Switch Status /dev/rfkill Watch.
[[0;32m  OK  [0m] Found device 82540EM Gigabit Ethern...r (PRO/1000 MT Desktop Adapter).
[[0;32m  OK  [0m] Started Monitoring of LVM2 mirrors,...ng dmeventd or progress polling.
[[0;32m  OK  [0m] Reached target Local File Systems (Pre).
[[0;32m  OK  [0m] Reached target Local File Systems.
         Starting Set console font and keymap...
         Starting LSB: AppArmor initialization...
         Starting Tell Plymouth To Write Out Runtime Data...
         Starting Create Volatile Files and Directories...
         Starting Initial cloud-init job (pre-networking)...
[[0;32m  OK  [0m] Started Create Volatile Files and Directories.
         Starting Update UTMP about System Boot/Shutdown...
[[0;32m  OK  [0m] Started Update UTMP about System Boot/Shutdown.
[[0;32m  OK  [0m] Started Tell Plymouth To Write Out Runtime Data.
[[0;32m  OK  [0m] Started Set console font and keymap.
[[0;32m  OK  [0m] Created slice system-getty.slice.
[[0;32m  OK  [0m] Started LSB: AppArmor initialization.
         Starting Load AppArmor profiles managed internally by snapd...
[[0;32m  OK  [0m] Started Load AppArmor profiles managed internally by snapd.
[    3.861071] cloud-init[631]: Cloud-init v. 21.1-19-gbad84ad4-0ubuntu1~16.04.2 running 'init-local' at Sun, 30 Oct 2022 22:28:50 +0000. Up 3.71 seconds.
[[0;32m  OK  [0m] Started Initial cloud-init job (pre-networking).
[[0;32m  OK  [0m] Reached target Network (Pre).
         Starting Raise network interfaces...
[[0;32m  OK  [0m] Started ifup for enp0s3.
[[0;32m  OK  [0m] Started Raise network interfaces.
[[0;32m  OK  [0m] Reached target Network.
         Starting Initial cloud-init job (metadata service crawler)...
[    4.311996] cloud-init[973]: Cloud-init v. 21.1-19-gbad84ad4-0ubuntu1~16.04.2 running 'init' at Sun, 30 Oct 2022 22:28:51 +0000. Up 4.15 seconds.
[    4.313204] cloud-init[973]: ci-info: ++++++++++++++++++++++++++++++++++++++Net device info++++++++++++++++++++++++++++++++++++++
[    4.314260] cloud-init[973]: ci-info: +--------+------+----------------------------+---------------+--------+-------------------+
[    4.315571] cloud-init[973]: ci-info: | Device |  Up  |          Address           |      Mask     | Scope  |     Hw-Address    |
[    4.316616] cloud-init[973]: ci-info: +--------+------+----------------------------+---------------+--------+-------------------+
[    4.317762] cloud-init[973]: ci-info: | enp0s3 | True |         10.0.2.15          | 255.255.255.0 | global | 02:be:82:6b:cc:1d |
[    4.318996] cloud-init[973]: ci-info: | enp0s3 | True | fe80::be:82ff:fe6b:cc1d/64 |       .       |  link  | 02:be:82:6b:cc:1d |
[    4.320312] cloud-init[973]: ci-info: |   lo   | True |         127.0.0.1          |   255.0.0.0   |  host  |         .         |
[    4.321471] cloud-init[973]: ci-info: |   lo   | True |          ::1/128           |       .       |  host  |         .         |
[    4.323460] cloud-init[973]: ci-info: +--------+------+----------------------------+---------------+--------+-------------------+
[    4.324681] cloud-init[973]: ci-info: +++++++++++++++++++++++++++Route IPv4 info++++++++++++++++++++++++++++
[    4.325825] cloud-init[973]: ci-info: +-------+-------------+----------+---------------+-----------+-------+
[    4.326927] cloud-init[973]: ci-info: | Route | Destination | Gateway  |    Genmask    | Interface | Flags |
[    4.328026] cloud-init[973]: ci-info: +-------+-------------+----------+---------------+-----------+-------+
[    4.336304] cloud-init[973]: ci-info: |   0   |   0.0.0.0   | 10.0.2.2 |    0.0.0.0    |   enp0s3  |   UG  |
[    4.337375] cloud-init[973]: ci-info: |   1   |   10.0.2.0  | 0.0.0.0  | 255.255.255.0 |   enp0s3  |   U   |
[    4.338528] cloud-init[973]: ci-info: +-------+-------------+----------+---------------+-----------+-------+
[    4.339631] cloud-init[973]: ci-info: +++++++++++++++++++Route IPv6 info+++++++++++++++++++
[    4.340584] cloud-init[973]: ci-info: +-------+-------------+---------+-----------+-------+
[    4.341413] cloud-init[973]: ci-info: | Route | Destination | Gateway | Interface | Flags |
[    4.342252] cloud-init[973]: ci-info: +-------+-------------+---------+-----------+-------+
[    4.343046] cloud-init[973]: ci-info: |   0   |  fe80::/64  |    ::   |   enp0s3  |   U   |
[    4.348968] cloud-init[973]: ci-info: |   3   |   ff00::/8  |    ::   |   enp0s3  |   U   |
[    4.349843] cloud-init[973]: ci-info: +-------+-------------+---------+-----------+-------+
[[0;32m  OK  [0m] Started Initial cloud-init job (metadata service crawler).
[[0;32m  OK  [0m] Reached target Network is Online.
         Starting iSCSI initiator daemon (iscsid)...
[[0;32m  OK  [0m] Reached target System Initialization.
[[0;32m  OK  [0m] Listening on UUID daemon activation socket.
         Starting LXD - unix socket.
[[0;32m  OK  [0m] Started Message of the Day.
[[0;32m  OK  [0m] Started Daily Cleanup of Temporary Directories.
[[0;32m  OK  [0m] Started ACPI Events Check.
[[0;32m  OK  [0m] Reached target Paths.
[[0;32m  OK  [0m] Started Ubuntu Advantage update messaging.
         Starting Socket activation for snappy daemon.
[[0;32m  OK  [0m] Listening on ACPID Listen Socket.
[[0;32m  OK  [0m] Started Daily apt download activities.
[[0;32m  OK  [0m] Started Daily apt upgrade and clean activities.
[[0;32m  OK  [0m] Reached target Timers.
[[0;32m  OK  [0m] Listening on D-Bus System Message Bus Socket.
[[0;32m  OK  [0m] Reached target Cloud-config availability.
[[0;32m  OK  [0m] Listening on LXD - unix socket.
[[0;32m  OK  [0m] Listening on Socket activation for snappy daemon.
[[0;32m  OK  [0m] Reached target Sockets.
[[0;32m  OK  [0m] Reached target Basic System.
[[0;32m  OK  [0m] Started Regular background program processing daemon.
[[0;32m  OK  [0m] Started ACPI event daemon.
         Starting vboxadd.service...
[[0;32m  OK  [0m] Started D-Bus System Message Bus.
         Starting LSB: Record successful boot for GRUB...
         Starting Login Service...
[[0;32m  OK  [0m] Started FUSE filesystem for LXC.
         Starting Message of the Day...
         Starting Ubuntu Advantage APT and MOTD Messages...
         Starting Accounts Service...
         Starting LSB: MD monitoring daemon...
         Starting OpenBSD Secure Shell server...
         Starting Snap Daemon...
         Starting /etc/rc.local Compatibility...
         Starting System Logging Service...
[[0;32m  OK  [0m] Started Deferred execution scheduler.
         Starting LXD - container startup/shutdown...
[[0;32m  OK  [0m] Started iSCSI initiator daemon (iscsid).
[[0;32m  OK  [0m] Started Message of the Day.
[[0;32m  OK  [0m] Started /etc/rc.local Compatibility.
         Starting Login to default iSCSI targets...
[[0;32m  OK  [0m] Started Login Service.
[[0;32m  OK  [0m] Started Unattended Upgrades Shutdown.
[[0;32m  OK  [0m] Started Login to default iSCSI targets.
[[0;32m  OK  [0m] Reached target Remote File Systems (Pre).
         Mounting /vagrant...
[[0;32m  OK  [0m] Started LSB: Record successful boot for GRUB.
[[0;1;31mFAILED[0m] Failed to mount /vagrant.
See 'systemctl status vagrant.mount' for details.
[[0;1;33mDEPEND[0m] Dependency failed for Remote File Systems.
         Starting LSB: automatic crash report generation...
         Starting LSB: Set the CPU Frequency Scaling governor to "ondemand"...
         Starting LSB: daemon to balance interrupts for SMP systems...
         Starting Permit User Sessions...
[[0;32m  OK  [0m] Started Permit User Sessions.
         Starting Terminate Plymouth Boot Screen...
         Starting Hold until boot process finishes up...
[[0;32m  OK  [0m] Started Hold until boot process finishes up.
[[0;32m  OK  [0m] Started LSB: automatic crash report generation.
[[0;32m  OK  [0m] Started Getty on tty1.
         Starting Set console scheme...
[[0;32m  OK  [0m] Started Serial Getty on ttyS0.
[[0;32m  OK  [0m] Reached target Login Prompts.
[[0;32m  OK  [0m] Started System Logging Service.
[[0;32m  OK  [0m] Started LSB: MD monitoring daemon.
[[0;32m  OK  [0m] Started Terminate Plymouth Boot Screen.
[[0;32m  OK  [0m] Started Set console scheme.
[[0;32m  OK  [0m] Started LSB: Set the CPU Frequency Scaling governor to "ondemand".
[[0;32m  OK  [0m] Started OpenBSD Secure Shell server.
[[0;32m  OK  [0m] Started LSB: daemon to balance interrupts for SMP systems.
         Starting Authenticate and Authorize Users to Run Privileged Tasks...
[[0;32m  OK  [0m] Started Authenticate and Authorize Users to Run Privileged Tasks.
[[0;32m  OK  [0m] Started Accounts Service.
[[0;32m  OK  [0m] Started LXD - container startup/shutdown.
[[0;32m  OK  [0m] Started Snap Daemon.
         Starting Wait until snapd is fully seeded...
[[0;32m  OK  [0m] Started Wait until snapd is fully seeded.
         Starting Apply the settings specified in cloud-config...
[    5.088243] cloud-init[1246]: Cloud-init v. 21.1-19-gbad84ad4-0ubuntu1~16.04.2 running 'modules:config' at Sun, 30 Oct 2022 22:28:51 +0000. Up 5.00 seconds.
[[0;32m  OK  [0m] Started Apply the settings specified in cloud-config.
[[0;32m  OK  [0m] Started vboxadd.service.
         Starting vboxadd-service.service...
[[0;32m  OK  [0m] Started vboxadd-service.service.
[[0;32m  OK  [0m] Reached target Multi-User System.
         Starting Execute cloud user/final scripts...
[[0;32m  OK  [0m] Reached target Graphical Interface.
         Starting Update UTMP about System Runlevel Changes...
[[0;32m  OK  [0m] Started Update UTMP about System Runlevel Changes.
[    5.614882] cloud-init[1330]: Cloud-init v. 21.1-19-gbad84ad4-0ubuntu1~16.04.2 running 'modules:final' at Sun, 30 Oct 2022 22:28:52 +0000. Up 5.54 seconds.
[    5.616574] cloud-init[1330]: Cloud-init v. 21.1-19-gbad84ad4-0ubuntu1~16.04.2 finished at Sun, 30 Oct 2022 22:28:52 +0000. Datasource DataSourceNoCloud [seed=/dev/sdb][dsmode=net].  Up 5.61 seconds
[[0;32m  OK  [0m] Started Execute cloud user/final scripts.
[[0;32m  OK  [0m] Reached target Cloud-init target.
         Starting Daily apt download activities...
[[0;32m  OK  [0m] Started Ubuntu Advantage APT and MOTD Messages.

Ubuntu 16.04.7 LTS ubuntu-xenial ttyS0

ubuntu-xenial login: 